1 624280 1.65819e-06 1.65155e-06 1.11289e-06
2 845775 1.60642e-06 1.66509e-06 1.07542e-06
4 662424 1.66328e-06 1.73102e-06 1.09009e-06
8 1097428 1.68781e-06 1.84732e-06 1.06498e-06
16 660344 1.91137e-06 2.17863e-06 1.27967e-06
32 729055 2.17204e-06 2.58377e-06 1.25956e-06
64 487511 3.12099e-06 3.4663e-06 1.28304e-06
128 649273 4.09679e-06 5.78476e-06 1.44717e-06
256 594188 6.1167e-06 9.34096e-06 1.67192e-06
512 259136 1.05438e-05 1.63058e-05 2.55909e-06
1024 203373 1.83107e-05 2.93682e-05 3.37743e-06
2048 141365 3.54178e-05 5.73699e-05 5.68172e-06
4096 82725 6.59369e-05 0.000109712 8.68787e-06
8192 52867 0.000131327 0.000215411 1.3091e-05
16384 32552 0.000260791 0.000422264 2.37712e-05
32768 20854 0.00053143 0.000852616 4.71928e-05
65536 11723 0.00111135 0.00168956 9.51377e-05
131072 6336 0.00214678 0.00340415 0.000190781
262144 3506 0.00428984 0.00663148 0.000388764
524288 1900 0.00880925
===================================================================================
=   BAD TERMINATION OF ONE OF YOUR APPLICATION PROCESSES
=   RANK 0 PID 17367 RUNNING AT cn7064
=   KILLED BY SIGNAL: 9 (Killed)
===================================================================================

===================================================================================
=   BAD TERMINATION OF ONE OF YOUR APPLICATION PROCESSES
=   RANK 1 PID 17368 RUNNING AT cn7064
=   KILLED BY SIGNAL: 9 (Killed)
===================================================================================

===================================================================================
=   BAD TERMINATION OF ONE OF YOUR APPLICATION PROCESSES
=   RANK 2 PID 17369 RUNNING AT cn7064
=   KILLED BY SIGNAL: 9 (Killed)
===================================================================================

===================================================================================
=   BAD TERMINATION OF ONE OF YOUR APPLICATION PROCESSES
=   RANK 3 PID 17370 RUNNING AT cn7064
=   KILLED BY SIGNAL: 9 (Killed)
===================================================================================
1048576 882 0.0171426 0.0262957 0.0017815
2097152 445 0.0393124 0.0518332 0.00398685
4194304 220 0.0796977 0.102527 0.00859567
8388608 113 0.170669 0.202244 0.0173184
16777216 55 0.333937 0.403423 0.0353667
