1 785174 7.13263e-07 1.21654e-06 7.70176e-07
2 1001027 6.19715e-07 1.24716e-06 7.80282e-07
4 983582 7.53145e-07 1.21324e-06 8.10068e-07
8 809769 7.93791e-07 1.36139e-06 8.23051e-07
16 665749 8.37588e-07 1.60237e-06 7.53434e-07
32 615338 1.00448e-06 1.90743e-06 7.4747e-07
64 591022 1.32276e-06 2.53362e-06 7.57077e-07
128 537356 1.86513e-06 4.34076e-06 9.7969e-07
256 507811 2.72651e-06 6.83796e-06 1.12304e-06
512 513665 4.38078e-06 1.16345e-05 1.37128e-06
1024 351473 7.51568e-06 2.13923e-05 1.80952e-06
2048 270654 1.49035e-05 4.1319e-05 2.98254e-06
4096 145623 2.90513e-05 8.0164e-05 5.38366e-06
8192 94224 5.73135e-05 0.000157521 8.48985e-06
16384 57661 0.000114718 0.000313778 1.58509e-05
32768 28709 0.00023244 0.000629074 3.26062e-05
65536 14833 0.00047184 0.00125772 6.86646e-05
131072 7481 0.000932864 0.00249413 0.000143117
262144 4332 0.00186447 0.00489464 0.000285493
524288 2488 0.00370205 0.00940718 0.000580878
1048576 943 0.00730137 0.0181142 0.00164927
2097152 518 0.0146869 0.0356963 0.00328123
4194304 232 0.0315567 0.0717267 0.00810394
8388608 108 0.0690469 0.143767 0.0181108
16777216 53 0.138248 0.285411 0.0365221
